Performing C++ SOURCE FILE Test CMAKE_HAVE_LIBC_PTHREAD failed with the following output:
Change Dir: /home/client113/Projects/Cpp/build-frtask-Desktop_Qt_6_5_1_GCC_64bit-Debug/CMakeFiles/CMakeTmp

Run Build Command(s):/opt/Qt/Tools/Ninja/ninja cmTC_e1525 && [1/2] Building CXX object CMakeFiles/cmTC_e1525.dir/src.cxx.o
[2/2] Linking CXX executable cmTC_e1525
FAILED: cmTC_e1525 
: && /usr/bin/g++ -DQT_QML_DEBUG  CMakeFiles/cmTC_e1525.dir/src.cxx.o -o cmTC_e1525   && :
CMakeFiles/cmTC_e1525.dir/src.cxx.o: In function `main':
src.cxx:(.text+0x2d): undefined reference to `pthread_create'
src.cxx:(.text+0x39): undefined reference to `pthread_detach'
src.cxx:(.text+0x45): undefined reference to `pthread_cancel'
src.cxx:(.text+0x56): undefined reference to `pthread_join'
collect2: error: ld returned 1 exit status
ninja: build stopped: subcommand failed.


Source file was:
#include <pthread.h>

static void* test_func(void* data)
{
  return data;
}

int main(void)
{
  pthread_t thread;
  pthread_create(&thread, NULL, test_func, NULL);
  pthread_detach(thread);
  pthread_cancel(thread);
  pthread_join(thread, NULL);
  pthread_atfork(NULL, NULL, NULL);
  pthread_exit(NULL);

  return 0;
}

